<?xml version="1.0" encoding="UTF-8"?>
<testsuite xmlns:xsi="http://www.w3.org/2001/XMLSchema-instance" xsi:noNamespaceSchemaLocation="https://maven.apache.org/surefire/maven-surefire-plugin/xsd/surefire-test-report.xsd" name="Mesto1Test" time="27.72" tests="3" errors="0" skipped="0" failures="1">
  <properties>
[...]
</properties>
  <testcase name="checkUserName" classname="Mesto1Test" time="11.287">
    <failure message="1 expectation failed.&#10;JSON path data.name doesn&apos;t match.&#10;Expected: Incorrect Name&#10;  Actual: Василий Васильев&#10;" type="java.lang.AssertionError">java.lang.AssertionError: 
1 expectation failed.
JSON path data.name doesn't match.
Expected: Incorrect Name
  Actual: Василий Васильев

	at Mesto1Test.checkUserName(Mesto1Test.java:27)
</failure>
    <system-err><![CDATA[SLF4J: Failed to load class "org.slf4j.impl.StaticLoggerBinder".
SLF4J: Defaulting to no-operation (NOP) logger implementation
SLF4J: See http://www.slf4j.org/codes.html#StaticLoggerBinder for further details.
]]></system-err>
  </testcase>
  <testcase name="likeTheFirstPhoto" classname="Mesto1Test" time="14.884"/>
  <testcase name="addNewPhoto" classname="Mesto1Test" time="1.066"/>
</testsuite>